<?xml version="1.0" encoding="UTF-8"?>
<testng-results skipped="0" failed="1" total="1" passed="0">
  <reporter-output>
  </reporter-output>
  <suite name="Default suite" duration-ms="8105" started-at="2018-02-18T00:38:23Z" finished-at="2018-02-18T00:38:31Z">
    <groups>
    </groups>
    <test name="Default test" duration-ms="8105" started-at="2018-02-18T00:38:23Z" finished-at="2018-02-18T00:38:31Z">
      <class name="company.samPro.testBase.TestBases">
        <test-method status="PASS" signature="launchBrowser()" name="launchBrowser" is-config="true" duration-ms="5188" started-at="2018-02-18T00:38:23Z" finished-at="2018-02-18T00:38:28Z">
        </test-method>
        <test-method status="PASS" signature="beforeMethod(java.lang.reflect.Method)" name="beforeMethod" is-config="true" duration-ms="53" started-at="2018-02-18T00:38:28Z" finished-at="2018-02-18T00:38:28Z">
          <params>
            <param index="0">
              <value>
                <![CDATA[public void company.samPro.testBase.TestBases.a()]]>
              </value>
            </param>
          </params>
        </test-method>
        <test-method status="FAIL" signature="a()" name="a" duration-ms="59" started-at="2018-02-18T00:38:28Z" finished-at="2018-02-18T00:38:28Z">
          <exception class="java.lang.AssertionError">
            <message>
              <![CDATA[expected:<true> but was:<false>]]>
            </message>
            <full-stacktrace>
              <![CDATA[java.lang.AssertionError: expected:<true> but was:<false>
	at org.testng.Assert.fail(Assert.java:89)
	at org.testng.Assert.failNotEquals(Assert.java:489)
	at org.testng.Assert.assertTrue(Assert.java:37)
	at org.testng.Assert.assertTrue(Assert.java:47)
	at company.samPro.testBase.TestBases.a(TestBases.java:121)
	at sun.reflect.NativeMethodAccessorImpl.invoke0(Native Method)
	at sun.reflect.NativeMethodAccessorImpl.invoke(NativeMethodAccessorImpl.java:62)
	at sun.reflect.DelegatingMethodAccessorImpl.invoke(DelegatingMethodAccessorImpl.java:43)
	at java.lang.reflect.Method.invoke(Method.java:498)
	at org.testng.internal.MethodInvocationHelper.invokeMethod(MethodInvocationHelper.java:80)
	at org.testng.internal.Invoker.invokeMethod(Invoker.java:673)
	at org.testng.internal.Invoker.invokeTestMethod(Invoker.java:842)
	at org.testng.internal.Invoker.invokeTestMethods(Invoker.java:1166)
	at org.testng.internal.TestMethodWorker.invokeTestMethods(TestMethodWorker.java:125)
	at org.testng.internal.TestMethodWorker.run(TestMethodWorker.java:109)
	at org.testng.TestRunner.runWorkers(TestRunner.java:1178)
	at org.testng.TestRunner.privateRun(TestRunner.java:757)
	at org.testng.TestRunner.run(TestRunner.java:608)
	at org.testng.SuiteRunner.runTest(SuiteRunner.java:334)
	at org.testng.SuiteRunner.runSequentially(SuiteRunner.java:329)
	at org.testng.SuiteRunner.privateRun(SuiteRunner.java:291)
	at org.testng.SuiteRunner.run(SuiteRunner.java:240)
	at org.testng.SuiteRunnerWorker.runSuite(SuiteRunnerWorker.java:52)
	at org.testng.SuiteRunnerWorker.run(SuiteRunnerWorker.java:86)
	at org.testng.TestNG.runSuitesSequentially(TestNG.java:1158)
	at org.testng.TestNG.runSuitesLocally(TestNG.java:1083)
	at org.testng.TestNG.run(TestNG.java:999)
	at org.testng.remote.AbstractRemoteTestNG.run(AbstractRemoteTestNG.java:114)
	at org.testng.remote.RemoteTestNG.initAndRun(RemoteTestNG.java:251)
	at org.testng.remote.RemoteTestNG.main(RemoteTestNG.java:77)
]]>
            </full-stacktrace>
          </exception>
        </test-method>
        <test-method status="PASS" signature="afterMethod(org.testng.ITestResult)" name="afterMethod" is-config="true" duration-ms="1061" started-at="2018-02-18T00:38:28Z" finished-at="2018-02-18T00:38:29Z">
          <params>
            <param index="0">
              <value>
                <![CDATA[[TestResult: a STATUS:FAILURE METHOD:company.samPro.testBase.TestBases.a()]
]]>
              </value>
            </param>
          </params>
        </test-method>
        <test-method status="PASS" signature="endTest()" name="endTest" is-config="true" duration-ms="1670" started-at="2018-02-18T00:38:29Z" finished-at="2018-02-18T00:38:31Z">
        </test-method>
      </class>
    </test>
  </suite>
</testng-results>
